<?xml version="1.0" encoding="UTF-8"?>
<testsuite xmlns:xsi="http://www.w3.org/2001/XMLSchema-instance" xsi:noNamespaceSchemaLocation="https://maven.apache.org/surefire/maven-surefire-plugin/xsd/surefire-test-report-3.0.xsd" version="3.0" name="hr.fer.progi.looneycodes.BytePit.BytePitApplicationTests" time="6.626" tests="1" errors="0" skipped="0" failures="0">
  <properties>
    <property name="java.specification.version" value="17"/>
    <property name="sun.jnu.encoding" value="UTF-8"/>
    <property name="java.class.path" value="/home/jakov/faks/progi/Looney-Codes/IzvorniKod/target/test-classes:/home/jakov/faks/progi/Looney-Codes/IzvorniKod/target/classes:/home/jakov/.m2/repository/org/springframework/boot/spring-boot-starter-mail/3.1.5/spring-boot-starter-mail-3.1.5.jar:/home/jakov/.m2/repository/org/springframework/boot/spring-boot-starter/3.1.5/spring-boot-starter-3.1.5.jar:/home/jakov/.m2/repository/org/springframework/boot/spring-boot-starter-logging/3.1.5/spring-boot-starter-logging-3.1.5.jar:/home/jakov/.m2/repository/ch/qos/logback/logback-classic/1.4.11/logback-classic-1.4.11.jar:/home/jakov/.m2/repository/ch/qos/logback/logback-core/1.4.11/logback-core-1.4.11.jar:/home/jakov/.m2/repository/org/apache/logging/log4j/log4j-to-slf4j/2.20.0/log4j-to-slf4j-2.20.0.jar:/home/jakov/.m2/repository/org/apache/logging/log4j/log4j-api/2.20.0/log4j-api-2.20.0.jar:/home/jakov/.m2/repository/org/slf4j/jul-to-slf4j/2.0.9/jul-to-slf4j-2.0.9.jar:/home/jakov/.m2/repository/jakarta/annotation/jakarta.annotation-api/2.1.1/jakarta.annotation-api-2.1.1.jar:/home/jakov/.m2/repository/org/yaml/snakeyaml/1.33/snakeyaml-1.33.jar:/home/jakov/.m2/repository/org/springframework/spring-context-support/6.0.13/spring-context-support-6.0.13.jar:/home/jakov/.m2/repository/org/springframework/spring-beans/6.0.13/spring-beans-6.0.13.jar:/home/jakov/.m2/repository/org/springframework/spring-context/6.0.13/spring-context-6.0.13.jar:/home/jakov/.m2/repository/org/eclipse/angus/jakarta.mail/1.1.0/jakarta.mail-1.1.0.jar:/home/jakov/.m2/repository/jakarta/activation/jakarta.activation-api/2.1.2/jakarta.activation-api-2.1.2.jar:/home/jakov/.m2/repository/org/eclipse/angus/angus-activation/2.0.1/angus-activation-2.0.1.jar:/home/jakov/.m2/repository/org/springframework/boot/spring-boot-starter-web/3.1.5/spring-boot-starter-web-3.1.5.jar:/home/jakov/.m2/repository/org/springframework/boot/spring-boot-starter-json/3.1.5/spring-boot-starter-json-3.1.5.jar:/home/jakov/.m2/repository/com/fasterxml/jackson/core/jackson-databind/2.15.3/jackson-databind-2.15.3.jar:/home/jakov/.m2/repository/com/fasterxml/jackson/core/jackson-annotations/2.15.3/jackson-annotations-2.15.3.jar:/home/jakov/.m2/repository/com/fasterxml/jackson/core/jackson-core/2.15.3/jackson-core-2.15.3.jar:/home/jakov/.m2/repository/com/fasterxml/jackson/datatype/jackson-datatype-jdk8/2.15.3/jackson-datatype-jdk8-2.15.3.jar:/home/jakov/.m2/repository/com/fasterxml/jackson/datatype/jackson-datatype-jsr310/2.15.3/jackson-datatype-jsr310-2.15.3.jar:/home/jakov/.m2/repository/com/fasterxml/jackson/module/jackson-module-parameter-names/2.15.3/jackson-module-parameter-names-2.15.3.jar:/home/jakov/.m2/repository/org/springframework/boot/spring-boot-starter-tomcat/3.1.5/spring-boot-starter-tomcat-3.1.5.jar:/home/jakov/.m2/repository/org/apache/tomcat/embed/tomcat-embed-core/10.1.15/tomcat-embed-core-10.1.15.jar:/home/jakov/.m2/repository/org/apache/tomcat/embed/tomcat-embed-el/10.1.15/tomcat-embed-el-10.1.15.jar:/home/jakov/.m2/repository/org/apache/tomcat/embed/tomcat-embed-websocket/10.1.15/tomcat-embed-websocket-10.1.15.jar:/home/jakov/.m2/repository/org/springframework/spring-web/6.0.13/spring-web-6.0.13.jar:/home/jakov/.m2/repository/io/micrometer/micrometer-observation/1.11.5/micrometer-observation-1.11.5.jar:/home/jakov/.m2/repository/io/micrometer/micrometer-commons/1.11.5/micrometer-commons-1.11.5.jar:/home/jakov/.m2/repository/org/springframework/spring-webmvc/6.0.13/spring-webmvc-6.0.13.jar:/home/jakov/.m2/repository/org/springframework/spring-expression/6.0.13/spring-expression-6.0.13.jar:/home/jakov/.m2/repository/org/springframework/boot/spring-boot-starter-security/3.1.5/spring-boot-starter-security-3.1.5.jar:/home/jakov/.m2/repository/org/springframework/spring-aop/6.0.13/spring-aop-6.0.13.jar:/home/jakov/.m2/repository/org/springframework/security/spring-security-config/6.1.5/spring-security-config-6.1.5.jar:/home/jakov/.m2/repository/org/springframework/security/spring-security-core/6.1.5/spring-security-core-6.1.5.jar:/home/jakov/.m2/repository/org/springframework/security/spring-security-crypto/6.1.5/spring-security-crypto-6.1.5.jar:/home/jakov/.m2/repository/org/springframework/security/spring-security-web/6.1.5/spring-security-web-6.1.5.jar:/home/jakov/.m2/repository/org/springframework/boot/spring-boot-devtools/3.1.5/spring-boot-devtools-3.1.5.jar:/home/jakov/.m2/repository/org/springframework/boot/spring-boot/3.1.5/spring-boot-3.1.5.jar:/home/jakov/.m2/repository/org/springframework/boot/spring-boot-autoconfigure/3.1.5/spring-boot-autoconfigure-3.1.5.jar:/home/jakov/.m2/repository/org/springframework/boot/spring-boot-starter-data-jpa/3.1.5/spring-boot-starter-data-jpa-3.1.5.jar:/home/jakov/.m2/repository/org/springframework/boot/spring-boot-starter-aop/3.1.5/spring-boot-starter-aop-3.1.5.jar:/home/jakov/.m2/repository/org/aspectj/aspectjweaver/1.9.20/aspectjweaver-1.9.20.jar:/home/jakov/.m2/repository/org/springframework/boot/spring-boot-starter-jdbc/3.1.5/spring-boot-starter-jdbc-3.1.5.jar:/home/jakov/.m2/repository/com/zaxxer/HikariCP/5.0.1/HikariCP-5.0.1.jar:/home/jakov/.m2/repository/org/springframework/spring-jdbc/6.0.13/spring-jdbc-6.0.13.jar:/home/jakov/.m2/repository/org/hibernate/orm/hibernate-core/6.2.13.Final/hibernate-core-6.2.13.Final.jar:/home/jakov/.m2/repository/jakarta/persistence/jakarta.persistence-api/3.1.0/jakarta.persistence-api-3.1.0.jar:/home/jakov/.m2/repository/jakarta/transaction/jakarta.transaction-api/2.0.1/jakarta.transaction-api-2.0.1.jar:/home/jakov/.m2/repository/org/jboss/logging/jboss-logging/3.5.3.Final/jboss-logging-3.5.3.Final.jar:/home/jakov/.m2/repository/org/hibernate/common/hibernate-commons-annotations/6.0.6.Final/hibernate-commons-annotations-6.0.6.Final.jar:/home/jakov/.m2/repository/io/smallrye/jandex/3.0.5/jandex-3.0.5.jar:/home/jakov/.m2/repository/com/fasterxml/classmate/1.5.1/classmate-1.5.1.jar:/home/jakov/.m2/repository/net/bytebuddy/byte-buddy/1.14.9/byte-buddy-1.14.9.jar:/home/jakov/.m2/repository/org/glassfish/jaxb/jaxb-runtime/4.0.3/jaxb-runtime-4.0.3.jar:/home/jakov/.m2/repository/org/glassfish/jaxb/jaxb-core/4.0.3/jaxb-core-4.0.3.jar:/home/jakov/.m2/repository/org/glassfish/jaxb/txw2/4.0.3/txw2-4.0.3.jar:/home/jakov/.m2/repository/com/sun/istack/istack-commons-runtime/4.1.2/istack-commons-runtime-4.1.2.jar:/home/jakov/.m2/repository/jakarta/inject/jakarta.inject-api/2.0.1/jakarta.inject-api-2.0.1.jar:/home/jakov/.m2/repository/org/antlr/antlr4-runtime/4.10.1/antlr4-runtime-4.10.1.jar:/home/jakov/.m2/repository/org/springframework/data/spring-data-jpa/3.1.5/spring-data-jpa-3.1.5.jar:/home/jakov/.m2/repository/org/springframework/data/spring-data-commons/3.1.5/spring-data-commons-3.1.5.jar:/home/jakov/.m2/repository/org/springframework/spring-orm/6.0.13/spring-orm-6.0.13.jar:/home/jakov/.m2/repository/org/springframework/spring-tx/6.0.13/spring-tx-6.0.13.jar:/home/jakov/.m2/repository/org/slf4j/slf4j-api/2.0.9/slf4j-api-2.0.9.jar:/home/jakov/.m2/repository/org/springframework/spring-aspects/6.0.13/spring-aspects-6.0.13.jar:/home/jakov/.m2/repository/org/postgresql/postgresql/42.6.0/postgresql-42.6.0.jar:/home/jakov/.m2/repository/org/checkerframework/checker-qual/3.31.0/checker-qual-3.31.0.jar:/home/jakov/.m2/repository/org/springframework/boot/spring-boot-starter-test/3.1.5/spring-boot-starter-test-3.1.5.jar:/home/jakov/.m2/repository/org/springframework/boot/spring-boot-test/3.1.5/spring-boot-test-3.1.5.jar:/home/jakov/.m2/repository/org/springframework/boot/spring-boot-test-autoconfigure/3.1.5/spring-boot-test-autoconfigure-3.1.5.jar:/home/jakov/.m2/repository/com/jayway/jsonpath/json-path/2.8.0/json-path-2.8.0.jar:/home/jakov/.m2/repository/jakarta/xml/bind/jakarta.xml.bind-api/4.0.1/jakarta.xml.bind-api-4.0.1.jar:/home/jakov/.m2/repository/net/minidev/json-smart/2.4.11/json-smart-2.4.11.jar:/home/jakov/.m2/repository/net/minidev/accessors-smart/2.4.11/accessors-smart-2.4.11.jar:/home/jakov/.m2/repository/org/ow2/asm/asm/9.3/asm-9.3.jar:/home/jakov/.m2/repository/org/assertj/assertj-core/3.24.2/assertj-core-3.24.2.jar:/home/jakov/.m2/repository/org/hamcrest/hamcrest/2.2/hamcrest-2.2.jar:/home/jakov/.m2/repository/org/junit/jupiter/junit-jupiter/5.9.3/junit-jupiter-5.9.3.jar:/home/jakov/.m2/repository/org/junit/jupiter/junit-jupiter-api/5.9.3/junit-jupiter-api-5.9.3.jar:/home/jakov/.m2/repository/org/opentest4j/opentest4j/1.2.0/opentest4j-1.2.0.jar:/home/jakov/.m2/repository/org/junit/platform/junit-platform-commons/1.9.3/junit-platform-commons-1.9.3.jar:/home/jakov/.m2/repository/org/apiguardian/apiguardian-api/1.1.2/apiguardian-api-1.1.2.jar:/home/jakov/.m2/repository/org/junit/jupiter/junit-jupiter-params/5.9.3/junit-jupiter-params-5.9.3.jar:/home/jakov/.m2/repository/org/junit/jupiter/junit-jupiter-engine/5.9.3/junit-jupiter-engine-5.9.3.jar:/home/jakov/.m2/repository/org/junit/platform/junit-platform-engine/1.9.3/junit-platform-engine-1.9.3.jar:/home/jakov/.m2/repository/org/mockito/mockito-core/5.3.1/mockito-core-5.3.1.jar:/home/jakov/.m2/repository/net/bytebuddy/byte-buddy-agent/1.14.9/byte-buddy-agent-1.14.9.jar:/home/jakov/.m2/repository/org/objenesis/objenesis/3.3/objenesis-3.3.jar:/home/jakov/.m2/repository/org/mockito/mockito-junit-jupiter/5.3.1/mockito-junit-jupiter-5.3.1.jar:/home/jakov/.m2/repository/org/skyscreamer/jsonassert/1.5.1/jsonassert-1.5.1.jar:/home/jakov/.m2/repository/com/vaadin/external/google/android-json/0.0.20131108.vaadin1/android-json-0.0.20131108.vaadin1.jar:/home/jakov/.m2/repository/org/springframework/spring-core/6.0.13/spring-core-6.0.13.jar:/home/jakov/.m2/repository/org/springframework/spring-jcl/6.0.13/spring-jcl-6.0.13.jar:/home/jakov/.m2/repository/org/springframework/spring-test/6.0.13/spring-test-6.0.13.jar:/home/jakov/.m2/repository/org/xmlunit/xmlunit-core/2.9.1/xmlunit-core-2.9.1.jar:"/>
    <property name="java.vm.vendor" value="Oracle Corporation"/>
    <property name="sun.arch.data.model" value="64"/>
    <property name="java.vendor.url" value="https://openjdk.java.net/"/>
    <property name="user.timezone" value="Europe/Zagreb"/>
    <property name="org.jboss.logging.provider" value="slf4j"/>
    <property name="os.name" value="Linux"/>
    <property name="java.vm.specification.version" value="17"/>
    <property name="sun.java.launcher" value="SUN_STANDARD"/>
    <property name="user.country" value="US"/>
    <property name="sun.boot.library.path" value="/usr/lib/jvm/java-17-openjdk/lib"/>
    <property name="sun.java.command" value="/home/jakov/faks/progi/Looney-Codes/IzvorniKod/target/surefire/surefirebooter-20231111170827964_3.jar /home/jakov/faks/progi/Looney-Codes/IzvorniKod/target/surefire 2023-11-11T17-08-27_404-jvmRun1 surefire-20231111170827964_1tmp surefire_0-20231111170827964_2tmp"/>
    <property name="jdk.debug" value="release"/>
    <property name="surefire.test.class.path" value="/home/jakov/faks/progi/Looney-Codes/IzvorniKod/target/test-classes:/home/jakov/faks/progi/Looney-Codes/IzvorniKod/target/classes:/home/jakov/.m2/repository/org/springframework/boot/spring-boot-starter-mail/3.1.5/spring-boot-starter-mail-3.1.5.jar:/home/jakov/.m2/repository/org/springframework/boot/spring-boot-starter/3.1.5/spring-boot-starter-3.1.5.jar:/home/jakov/.m2/repository/org/springframework/boot/spring-boot-starter-logging/3.1.5/spring-boot-starter-logging-3.1.5.jar:/home/jakov/.m2/repository/ch/qos/logback/logback-classic/1.4.11/logback-classic-1.4.11.jar:/home/jakov/.m2/repository/ch/qos/logback/logback-core/1.4.11/logback-core-1.4.11.jar:/home/jakov/.m2/repository/org/apache/logging/log4j/log4j-to-slf4j/2.20.0/log4j-to-slf4j-2.20.0.jar:/home/jakov/.m2/repository/org/apache/logging/log4j/log4j-api/2.20.0/log4j-api-2.20.0.jar:/home/jakov/.m2/repository/org/slf4j/jul-to-slf4j/2.0.9/jul-to-slf4j-2.0.9.jar:/home/jakov/.m2/repository/jakarta/annotation/jakarta.annotation-api/2.1.1/jakarta.annotation-api-2.1.1.jar:/home/jakov/.m2/repository/org/yaml/snakeyaml/1.33/snakeyaml-1.33.jar:/home/jakov/.m2/repository/org/springframework/spring-context-support/6.0.13/spring-context-support-6.0.13.jar:/home/jakov/.m2/repository/org/springframework/spring-beans/6.0.13/spring-beans-6.0.13.jar:/home/jakov/.m2/repository/org/springframework/spring-context/6.0.13/spring-context-6.0.13.jar:/home/jakov/.m2/repository/org/eclipse/angus/jakarta.mail/1.1.0/jakarta.mail-1.1.0.jar:/home/jakov/.m2/repository/jakarta/activation/jakarta.activation-api/2.1.2/jakarta.activation-api-2.1.2.jar:/home/jakov/.m2/repository/org/eclipse/angus/angus-activation/2.0.1/angus-activation-2.0.1.jar:/home/jakov/.m2/repository/org/springframework/boot/spring-boot-starter-web/3.1.5/spring-boot-starter-web-3.1.5.jar:/home/jakov/.m2/repository/org/springframework/boot/spring-boot-starter-json/3.1.5/spring-boot-starter-json-3.1.5.jar:/home/jakov/.m2/repository/com/fasterxml/jackson/core/jackson-databind/2.15.3/jackson-databind-2.15.3.jar:/home/jakov/.m2/repository/com/fasterxml/jackson/core/jackson-annotations/2.15.3/jackson-annotations-2.15.3.jar:/home/jakov/.m2/repository/com/fasterxml/jackson/core/jackson-core/2.15.3/jackson-core-2.15.3.jar:/home/jakov/.m2/repository/com/fasterxml/jackson/datatype/jackson-datatype-jdk8/2.15.3/jackson-datatype-jdk8-2.15.3.jar:/home/jakov/.m2/repository/com/fasterxml/jackson/datatype/jackson-datatype-jsr310/2.15.3/jackson-datatype-jsr310-2.15.3.jar:/home/jakov/.m2/repository/com/fasterxml/jackson/module/jackson-module-parameter-names/2.15.3/jackson-module-parameter-names-2.15.3.jar:/home/jakov/.m2/repository/org/springframework/boot/spring-boot-starter-tomcat/3.1.5/spring-boot-starter-tomcat-3.1.5.jar:/home/jakov/.m2/repository/org/apache/tomcat/embed/tomcat-embed-core/10.1.15/tomcat-embed-core-10.1.15.jar:/home/jakov/.m2/repository/org/apache/tomcat/embed/tomcat-embed-el/10.1.15/tomcat-embed-el-10.1.15.jar:/home/jakov/.m2/repository/org/apache/tomcat/embed/tomcat-embed-websocket/10.1.15/tomcat-embed-websocket-10.1.15.jar:/home/jakov/.m2/repository/org/springframework/spring-web/6.0.13/spring-web-6.0.13.jar:/home/jakov/.m2/repository/io/micrometer/micrometer-observation/1.11.5/micrometer-observation-1.11.5.jar:/home/jakov/.m2/repository/io/micrometer/micrometer-commons/1.11.5/micrometer-commons-1.11.5.jar:/home/jakov/.m2/repository/org/springframework/spring-webmvc/6.0.13/spring-webmvc-6.0.13.jar:/home/jakov/.m2/repository/org/springframework/spring-expression/6.0.13/spring-expression-6.0.13.jar:/home/jakov/.m2/repository/org/springframework/boot/spring-boot-starter-security/3.1.5/spring-boot-starter-security-3.1.5.jar:/home/jakov/.m2/repository/org/springframework/spring-aop/6.0.13/spring-aop-6.0.13.jar:/home/jakov/.m2/repository/org/springframework/security/spring-security-config/6.1.5/spring-security-config-6.1.5.jar:/home/jakov/.m2/repository/org/springframework/security/spring-security-core/6.1.5/spring-security-core-6.1.5.jar:/home/jakov/.m2/repository/org/springframework/security/spring-security-crypto/6.1.5/spring-security-crypto-6.1.5.jar:/home/jakov/.m2/repository/org/springframework/security/spring-security-web/6.1.5/spring-security-web-6.1.5.jar:/home/jakov/.m2/repository/org/springframework/boot/spring-boot-devtools/3.1.5/spring-boot-devtools-3.1.5.jar:/home/jakov/.m2/repository/org/springframework/boot/spring-boot/3.1.5/spring-boot-3.1.5.jar:/home/jakov/.m2/repository/org/springframework/boot/spring-boot-autoconfigure/3.1.5/spring-boot-autoconfigure-3.1.5.jar:/home/jakov/.m2/repository/org/springframework/boot/spring-boot-starter-data-jpa/3.1.5/spring-boot-starter-data-jpa-3.1.5.jar:/home/jakov/.m2/repository/org/springframework/boot/spring-boot-starter-aop/3.1.5/spring-boot-starter-aop-3.1.5.jar:/home/jakov/.m2/repository/org/aspectj/aspectjweaver/1.9.20/aspectjweaver-1.9.20.jar:/home/jakov/.m2/repository/org/springframework/boot/spring-boot-starter-jdbc/3.1.5/spring-boot-starter-jdbc-3.1.5.jar:/home/jakov/.m2/repository/com/zaxxer/HikariCP/5.0.1/HikariCP-5.0.1.jar:/home/jakov/.m2/repository/org/springframework/spring-jdbc/6.0.13/spring-jdbc-6.0.13.jar:/home/jakov/.m2/repository/org/hibernate/orm/hibernate-core/6.2.13.Final/hibernate-core-6.2.13.Final.jar:/home/jakov/.m2/repository/jakarta/persistence/jakarta.persistence-api/3.1.0/jakarta.persistence-api-3.1.0.jar:/home/jakov/.m2/repository/jakarta/transaction/jakarta.transaction-api/2.0.1/jakarta.transaction-api-2.0.1.jar:/home/jakov/.m2/repository/org/jboss/logging/jboss-logging/3.5.3.Final/jboss-logging-3.5.3.Final.jar:/home/jakov/.m2/repository/org/hibernate/common/hibernate-commons-annotations/6.0.6.Final/hibernate-commons-annotations-6.0.6.Final.jar:/home/jakov/.m2/repository/io/smallrye/jandex/3.0.5/jandex-3.0.5.jar:/home/jakov/.m2/repository/com/fasterxml/classmate/1.5.1/classmate-1.5.1.jar:/home/jakov/.m2/repository/net/bytebuddy/byte-buddy/1.14.9/byte-buddy-1.14.9.jar:/home/jakov/.m2/repository/org/glassfish/jaxb/jaxb-runtime/4.0.3/jaxb-runtime-4.0.3.jar:/home/jakov/.m2/repository/org/glassfish/jaxb/jaxb-core/4.0.3/jaxb-core-4.0.3.jar:/home/jakov/.m2/repository/org/glassfish/jaxb/txw2/4.0.3/txw2-4.0.3.jar:/home/jakov/.m2/repository/com/sun/istack/istack-commons-runtime/4.1.2/istack-commons-runtime-4.1.2.jar:/home/jakov/.m2/repository/jakarta/inject/jakarta.inject-api/2.0.1/jakarta.inject-api-2.0.1.jar:/home/jakov/.m2/repository/org/antlr/antlr4-runtime/4.10.1/antlr4-runtime-4.10.1.jar:/home/jakov/.m2/repository/org/springframework/data/spring-data-jpa/3.1.5/spring-data-jpa-3.1.5.jar:/home/jakov/.m2/repository/org/springframework/data/spring-data-commons/3.1.5/spring-data-commons-3.1.5.jar:/home/jakov/.m2/repository/org/springframework/spring-orm/6.0.13/spring-orm-6.0.13.jar:/home/jakov/.m2/repository/org/springframework/spring-tx/6.0.13/spring-tx-6.0.13.jar:/home/jakov/.m2/repository/org/slf4j/slf4j-api/2.0.9/slf4j-api-2.0.9.jar:/home/jakov/.m2/repository/org/springframework/spring-aspects/6.0.13/spring-aspects-6.0.13.jar:/home/jakov/.m2/repository/org/postgresql/postgresql/42.6.0/postgresql-42.6.0.jar:/home/jakov/.m2/repository/org/checkerframework/checker-qual/3.31.0/checker-qual-3.31.0.jar:/home/jakov/.m2/repository/org/springframework/boot/spring-boot-starter-test/3.1.5/spring-boot-starter-test-3.1.5.jar:/home/jakov/.m2/repository/org/springframework/boot/spring-boot-test/3.1.5/spring-boot-test-3.1.5.jar:/home/jakov/.m2/repository/org/springframework/boot/spring-boot-test-autoconfigure/3.1.5/spring-boot-test-autoconfigure-3.1.5.jar:/home/jakov/.m2/repository/com/jayway/jsonpath/json-path/2.8.0/json-path-2.8.0.jar:/home/jakov/.m2/repository/jakarta/xml/bind/jakarta.xml.bind-api/4.0.1/jakarta.xml.bind-api-4.0.1.jar:/home/jakov/.m2/repository/net/minidev/json-smart/2.4.11/json-smart-2.4.11.jar:/home/jakov/.m2/repository/net/minidev/accessors-smart/2.4.11/accessors-smart-2.4.11.jar:/home/jakov/.m2/repository/org/ow2/asm/asm/9.3/asm-9.3.jar:/home/jakov/.m2/repository/org/assertj/assertj-core/3.24.2/assertj-core-3.24.2.jar:/home/jakov/.m2/repository/org/hamcrest/hamcrest/2.2/hamcrest-2.2.jar:/home/jakov/.m2/repository/org/junit/jupiter/junit-jupiter/5.9.3/junit-jupiter-5.9.3.jar:/home/jakov/.m2/repository/org/junit/jupiter/junit-jupiter-api/5.9.3/junit-jupiter-api-5.9.3.jar:/home/jakov/.m2/repository/org/opentest4j/opentest4j/1.2.0/opentest4j-1.2.0.jar:/home/jakov/.m2/repository/org/junit/platform/junit-platform-commons/1.9.3/junit-platform-commons-1.9.3.jar:/home/jakov/.m2/repository/org/apiguardian/apiguardian-api/1.1.2/apiguardian-api-1.1.2.jar:/home/jakov/.m2/repository/org/junit/jupiter/junit-jupiter-params/5.9.3/junit-jupiter-params-5.9.3.jar:/home/jakov/.m2/repository/org/junit/jupiter/junit-jupiter-engine/5.9.3/junit-jupiter-engine-5.9.3.jar:/home/jakov/.m2/repository/org/junit/platform/junit-platform-engine/1.9.3/junit-platform-engine-1.9.3.jar:/home/jakov/.m2/repository/org/mockito/mockito-core/5.3.1/mockito-core-5.3.1.jar:/home/jakov/.m2/repository/net/bytebuddy/byte-buddy-agent/1.14.9/byte-buddy-agent-1.14.9.jar:/home/jakov/.m2/repository/org/objenesis/objenesis/3.3/objenesis-3.3.jar:/home/jakov/.m2/repository/org/mockito/mockito-junit-jupiter/5.3.1/mockito-junit-jupiter-5.3.1.jar:/home/jakov/.m2/repository/org/skyscreamer/jsonassert/1.5.1/jsonassert-1.5.1.jar:/home/jakov/.m2/repository/com/vaadin/external/google/android-json/0.0.20131108.vaadin1/android-json-0.0.20131108.vaadin1.jar:/home/jakov/.m2/repository/org/springframework/spring-core/6.0.13/spring-core-6.0.13.jar:/home/jakov/.m2/repository/org/springframework/spring-jcl/6.0.13/spring-jcl-6.0.13.jar:/home/jakov/.m2/repository/org/springframework/spring-test/6.0.13/spring-test-6.0.13.jar:/home/jakov/.m2/repository/org/xmlunit/xmlunit-core/2.9.1/xmlunit-core-2.9.1.jar:"/>
    <property name="sun.cpu.endian" value="little"/>
    <property name="user.home" value="/home/jakov"/>
    <property name="user.language" value="en"/>
    <property name="java.specification.vendor" value="Oracle Corporation"/>
    <property name="java.version.date" value="2023-10-17"/>
    <property name="java.home" value="/usr/lib/jvm/java-17-openjdk"/>
    <property name="file.separator" value="/"/>
    <property name="basedir" value="/home/jakov/faks/progi/Looney-Codes/IzvorniKod"/>
    <property name="java.vm.compressedOopsMode" value="Zero based"/>
    <property name="line.separator" value="&#10;"/>
    <property name="java.specification.name" value="Java Platform API Specification"/>
    <property name="java.vm.specification.vendor" value="Oracle Corporation"/>
    <property name="FILE_LOG_CHARSET" value="UTF-8"/>
    <property name="java.awt.headless" value="true"/>
    <property name="surefire.real.class.path" value="/home/jakov/faks/progi/Looney-Codes/IzvorniKod/target/surefire/surefirebooter-20231111170827964_3.jar"/>
    <property name="sun.management.compiler" value="HotSpot 64-Bit Tiered Compilers"/>
    <property name="java.runtime.version" value="17.0.9+8"/>
    <property name="user.name" value="jakov"/>
    <property name="path.separator" value=":"/>
    <property name="os.version" value="6.6.1-zen1-1-zen"/>
    <property name="java.runtime.name" value="OpenJDK Runtime Environment"/>
    <property name="file.encoding" value="UTF-8"/>
    <property name="java.vm.name" value="OpenJDK 64-Bit Server VM"/>
    <property name="localRepository" value="/home/jakov/.m2/repository"/>
    <property name="java.vendor.url.bug" value="https://bugreport.java.com/bugreport/"/>
    <property name="java.io.tmpdir" value="/tmp"/>
    <property name="com.zaxxer.hikari.pool_number" value="1"/>
    <property name="java.version" value="17.0.9"/>
    <property name="user.dir" value="/home/jakov/faks/progi/Looney-Codes/IzvorniKod"/>
    <property name="os.arch" value="amd64"/>
    <property name="java.vm.specification.name" value="Java Virtual Machine Specification"/>
    <property name="PID" value="14938"/>
    <property name="CONSOLE_LOG_CHARSET" value="UTF-8"/>
    <property name="native.encoding" value="UTF-8"/>
    <property name="java.library.path" value="/usr/java/packages/lib:/usr/lib64:/lib64:/lib:/usr/lib"/>
    <property name="java.vm.info" value="mixed mode"/>
    <property name="java.vendor" value="N/A"/>
    <property name="java.vm.version" value="17.0.9+8"/>
    <property name="sun.io.unicode.encoding" value="UnicodeLittle"/>
    <property name="java.class.version" value="61.0"/>
  </properties>
  <testcase name="contextLoads" classname="hr.fer.progi.looneycodes.BytePit.BytePitApplicationTests" time="0.5">
    <system-out><![CDATA[17:08:28.953 [main] INFO org.springframework.test.context.support.AnnotationConfigContextLoaderUtils -- Could not detect default configuration classes for test class [hr.fer.progi.looneycodes.BytePit.BytePitApplicationTests]: BytePitApplicationTests does not declare any static, non-private, non-final, nested classes annotated with @Configuration.
17:08:29.042 [main] INFO org.springframework.boot.test.context.SpringBootTestContextBootstrapper -- Found @SpringBootConfiguration hr.fer.progi.looneycodes.BytePit.BytePitApplication for test class hr.fer.progi.looneycodes.BytePit.BytePitApplicationTests
17:08:29.190 [main] INFO org.springframework.boot.devtools.restart.RestartApplicationListener -- Restart disabled due to context in which it is running

  .   ____          _            __ _ _
 /\\ / ___'_ __ _ _(_)_ __  __ _ \ \ \ \
( ( )\___ | '_ | '_| | '_ \/ _` | \ \ \ \
 \\/  ___)| |_)| | | | | || (_| |  ) ) ) )
  '  |____| .__|_| |_|_| |_\__, | / / / /
 =========|_|==============|___/=/_/_/_/
 :: Spring Boot ::                (v3.1.5)

2023-11-11T17:08:29.437+01:00  INFO 14938 --- [           main] h.f.p.l.BytePit.BytePitApplicationTests  : Starting BytePitApplicationTests using Java 17.0.9 with PID 14938 (started by jakov in /home/jakov/faks/progi/Looney-Codes/IzvorniKod)
2023-11-11T17:08:29.438+01:00  INFO 14938 --- [           main] h.f.p.l.BytePit.BytePitApplicationTests  : The following 1 profile is active: "basic-security"
2023-11-11T17:08:30.134+01:00  INFO 14938 --- [           main] .s.d.r.c.RepositoryConfigurationDelegate : Bootstrapping Spring Data JPA repositories in DEFAULT mode.
2023-11-11T17:08:30.194+01:00  INFO 14938 --- [           main] .s.d.r.c.RepositoryConfigurationDelegate : Finished Spring Data repository scanning in 52 ms. Found 3 JPA repository interfaces.
2023-11-11T17:08:30.653+01:00  INFO 14938 --- [           main] o.hibernate.jpa.internal.util.LogHelper  : HHH000204: Processing PersistenceUnitInfo [name: default]
2023-11-11T17:08:30.692+01:00  INFO 14938 --- [           main] org.hibernate.Version                    : HHH000412: Hibernate ORM core version 6.2.13.Final
2023-11-11T17:08:30.693+01:00  INFO 14938 --- [           main] org.hibernate.cfg.Environment            : HHH000406: Using bytecode reflection optimizer
2023-11-11T17:08:30.894+01:00  INFO 14938 --- [           main] o.s.o.j.p.SpringPersistenceUnitInfo      : No LoadTimeWeaver setup: ignoring JPA class transformer
2023-11-11T17:08:30.915+01:00  INFO 14938 --- [           main] com.zaxxer.hikari.HikariDataSource       : HikariPool-1 - Starting...
2023-11-11T17:08:31.017+01:00  INFO 14938 --- [           main] com.zaxxer.hikari.pool.HikariPool        : HikariPool-1 - Added connection org.postgresql.jdbc.PgConnection@738a815c
2023-11-11T17:08:31.019+01:00  INFO 14938 --- [           main] com.zaxxer.hikari.HikariDataSource       : HikariPool-1 - Start completed.
2023-11-11T17:08:31.044+01:00  WARN 14938 --- [           main] org.hibernate.orm.deprecation            : HHH90000025: PostgreSQLDialect does not need to be specified explicitly using 'hibernate.dialect' (remove the property setting and it will be selected by default)
2023-11-11T17:08:31.312+01:00  WARN 14938 --- [           main] org.hibernate.mapping.RootClass          : HHH000038: Composite-id class does not override equals(): hr.fer.progi.looneycodes.BytePit.api.model.Rjesenje
2023-11-11T17:08:31.312+01:00  WARN 14938 --- [           main] org.hibernate.mapping.RootClass          : HHH000039: Composite-id class does not override hashCode(): hr.fer.progi.looneycodes.BytePit.api.model.Rjesenje
2023-11-11T17:08:31.843+01:00  INFO 14938 --- [           main] o.h.e.t.j.p.i.JtaPlatformInitiator       : HHH000489: No JTA platform available (set 'hibernate.transaction.jta.platform' to enable JTA platform integration)
2023-11-11T17:08:31.858+01:00  WARN 14938 --- [           main] o.h.engine.jdbc.spi.SqlExceptionHelper   : SQL Warning Code: 0, SQLState: 00000
2023-11-11T17:08:31.858+01:00  WARN 14938 --- [           main] o.h.engine.jdbc.spi.SqlExceptionHelper   : relation "natjecanje" does not exist, skipping
2023-11-11T17:08:31.859+01:00  WARN 14938 --- [           main] o.h.engine.jdbc.spi.SqlExceptionHelper   : SQL Warning Code: 0, SQLState: 00000
2023-11-11T17:08:31.859+01:00  WARN 14938 --- [           main] o.h.engine.jdbc.spi.SqlExceptionHelper   : relation "pehar" does not exist, skipping
2023-11-11T17:08:31.860+01:00  WARN 14938 --- [           main] o.h.engine.jdbc.spi.SqlExceptionHelper   : SQL Warning Code: 0, SQLState: 00000
2023-11-11T17:08:31.860+01:00  WARN 14938 --- [           main] o.h.engine.jdbc.spi.SqlExceptionHelper   : relation "pehar" does not exist, skipping
2023-11-11T17:08:31.860+01:00  WARN 14938 --- [           main] o.h.engine.jdbc.spi.SqlExceptionHelper   : SQL Warning Code: 0, SQLState: 00000
2023-11-11T17:08:31.861+01:00  WARN 14938 --- [           main] o.h.engine.jdbc.spi.SqlExceptionHelper   : relation "rjesenje" does not exist, skipping
2023-11-11T17:08:31.861+01:00  WARN 14938 --- [           main] o.h.engine.jdbc.spi.SqlExceptionHelper   : SQL Warning Code: 0, SQLState: 00000
2023-11-11T17:08:31.861+01:00  WARN 14938 --- [           main] o.h.engine.jdbc.spi.SqlExceptionHelper   : relation "rjesenje" does not exist, skipping
2023-11-11T17:08:31.862+01:00  WARN 14938 --- [           main] o.h.engine.jdbc.spi.SqlExceptionHelper   : SQL Warning Code: 0, SQLState: 00000
2023-11-11T17:08:31.862+01:00  WARN 14938 --- [           main] o.h.engine.jdbc.spi.SqlExceptionHelper   : relation "testni_primjer" does not exist, skipping
2023-11-11T17:08:31.862+01:00  WARN 14938 --- [           main] o.h.engine.jdbc.spi.SqlExceptionHelper   : SQL Warning Code: 0, SQLState: 00000
2023-11-11T17:08:31.863+01:00  WARN 14938 --- [           main] o.h.engine.jdbc.spi.SqlExceptionHelper   : relation "virtualno_natjecanje" does not exist, skipping
2023-11-11T17:08:31.863+01:00  WARN 14938 --- [           main] o.h.engine.jdbc.spi.SqlExceptionHelper   : SQL Warning Code: 0, SQLState: 00000
2023-11-11T17:08:31.863+01:00  WARN 14938 --- [           main] o.h.engine.jdbc.spi.SqlExceptionHelper   : relation "virtualno_natjecanje" does not exist, skipping
2023-11-11T17:08:31.864+01:00  WARN 14938 --- [           main] o.h.engine.jdbc.spi.SqlExceptionHelper   : SQL Warning Code: 0, SQLState: 00000
2023-11-11T17:08:31.864+01:00  WARN 14938 --- [           main] o.h.engine.jdbc.spi.SqlExceptionHelper   : relation "zadatak" does not exist, skipping
2023-11-11T17:08:31.864+01:00  WARN 14938 --- [           main] o.h.engine.jdbc.spi.SqlExceptionHelper   : SQL Warning Code: 0, SQLState: 00000
2023-11-11T17:08:31.864+01:00  WARN 14938 --- [           main] o.h.engine.jdbc.spi.SqlExceptionHelper   : relation "zadatak" does not exist, skipping
2023-11-11T17:08:31.865+01:00  WARN 14938 --- [           main] o.h.engine.jdbc.spi.SqlExceptionHelper   : SQL Warning Code: 0, SQLState: 00000
2023-11-11T17:08:31.865+01:00  WARN 14938 --- [           main] o.h.engine.jdbc.spi.SqlExceptionHelper   : table "korisnik" does not exist, skipping
2023-11-11T17:08:31.865+01:00  WARN 14938 --- [           main] o.h.engine.jdbc.spi.SqlExceptionHelper   : SQL Warning Code: 0, SQLState: 00000
2023-11-11T17:08:31.865+01:00  WARN 14938 --- [           main] o.h.engine.jdbc.spi.SqlExceptionHelper   : table "natjecanje" does not exist, skipping
2023-11-11T17:08:31.866+01:00  WARN 14938 --- [           main] o.h.engine.jdbc.spi.SqlExceptionHelper   : SQL Warning Code: 0, SQLState: 00000
2023-11-11T17:08:31.866+01:00  WARN 14938 --- [           main] o.h.engine.jdbc.spi.SqlExceptionHelper   : table "pehar" does not exist, skipping
2023-11-11T17:08:31.866+01:00  WARN 14938 --- [           main] o.h.engine.jdbc.spi.SqlExceptionHelper   : SQL Warning Code: 0, SQLState: 00000
2023-11-11T17:08:31.866+01:00  WARN 14938 --- [           main] o.h.engine.jdbc.spi.SqlExceptionHelper   : table "rjesenje" does not exist, skipping
2023-11-11T17:08:31.866+01:00  WARN 14938 --- [           main] o.h.engine.jdbc.spi.SqlExceptionHelper   : SQL Warning Code: 0, SQLState: 00000
2023-11-11T17:08:31.866+01:00  WARN 14938 --- [           main] o.h.engine.jdbc.spi.SqlExceptionHelper   : table "testni_primjer" does not exist, skipping
2023-11-11T17:08:31.867+01:00  WARN 14938 --- [           main] o.h.engine.jdbc.spi.SqlExceptionHelper   : SQL Warning Code: 0, SQLState: 00000
2023-11-11T17:08:31.867+01:00  WARN 14938 --- [           main] o.h.engine.jdbc.spi.SqlExceptionHelper   : table "virtualno_natjecanje" does not exist, skipping
2023-11-11T17:08:31.867+01:00  WARN 14938 --- [           main] o.h.engine.jdbc.spi.SqlExceptionHelper   : SQL Warning Code: 0, SQLState: 00000
2023-11-11T17:08:31.867+01:00  WARN 14938 --- [           main] o.h.engine.jdbc.spi.SqlExceptionHelper   : table "zadatak" does not exist, skipping
2023-11-11T17:08:31.868+01:00  WARN 14938 --- [           main] o.h.engine.jdbc.spi.SqlExceptionHelper   : SQL Warning Code: 0, SQLState: 00000
2023-11-11T17:08:31.868+01:00  WARN 14938 --- [           main] o.h.engine.jdbc.spi.SqlExceptionHelper   : sequence "korisnik_seq" does not exist, skipping
2023-11-11T17:08:31.868+01:00  WARN 14938 --- [           main] o.h.engine.jdbc.spi.SqlExceptionHelper   : SQL Warning Code: 0, SQLState: 00000
2023-11-11T17:08:31.868+01:00  WARN 14938 --- [           main] o.h.engine.jdbc.spi.SqlExceptionHelper   : sequence "natjecanje_seq" does not exist, skipping
2023-11-11T17:08:31.869+01:00  WARN 14938 --- [           main] o.h.engine.jdbc.spi.SqlExceptionHelper   : SQL Warning Code: 0, SQLState: 00000
2023-11-11T17:08:31.869+01:00  WARN 14938 --- [           main] o.h.engine.jdbc.spi.SqlExceptionHelper   : sequence "pehar_seq" does not exist, skipping
2023-11-11T17:08:31.869+01:00  WARN 14938 --- [           main] o.h.engine.jdbc.spi.SqlExceptionHelper   : SQL Warning Code: 0, SQLState: 00000
2023-11-11T17:08:31.869+01:00  WARN 14938 --- [           main] o.h.engine.jdbc.spi.SqlExceptionHelper   : sequence "virtualno_natjecanje_seq" does not exist, skipping
2023-11-11T17:08:31.870+01:00  WARN 14938 --- [           main] o.h.engine.jdbc.spi.SqlExceptionHelper   : SQL Warning Code: 0, SQLState: 00000
2023-11-11T17:08:31.870+01:00  WARN 14938 --- [           main] o.h.engine.jdbc.spi.SqlExceptionHelper   : sequence "zadatak_seq" does not exist, skipping
2023-11-11T17:08:33.646+01:00  INFO 14938 --- [           main] j.LocalContainerEntityManagerFactoryBean : Initialized JPA EntityManagerFactory for persistence unit 'default'
2023-11-11T17:08:33.931+01:00  INFO 14938 --- [           main] o.s.d.j.r.query.QueryEnhancerFactory     : Hibernate is in classpath; If applicable, HQL parser will be used.
2023-11-11T17:08:34.336+01:00  WARN 14938 --- [           main] JpaBaseConfiguration$JpaWebConfiguration : spring.jpa.open-in-view is enabled by default. Therefore, database queries may be performed during view rendering. Explicitly configure spring.jpa.open-in-view to disable this warning
2023-11-11T17:08:34.459+01:00  INFO 14938 --- [           main] o.s.s.web.DefaultSecurityFilterChain     : Will secure any request with [org.springframework.security.web.session.DisableEncodeUrlFilter@55e75ce0, org.springframework.security.web.context.request.async.WebAsyncManagerIntegrationFilter@3325f17, org.springframework.security.web.context.SecurityContextHolderFilter@5f7dbdfa, org.springframework.security.web.header.HeaderWriterFilter@324ee3ca, org.springframework.security.web.authentication.logout.LogoutFilter@21632bf8, org.springframework.security.web.authentication.UsernamePasswordAuthenticationFilter@14acc33e, org.springframework.security.web.authentication.ui.DefaultLoginPageGeneratingFilter@533a8540, org.springframework.security.web.authentication.ui.DefaultLogoutPageGeneratingFilter@35e63d26, org.springframework.security.web.authentication.www.BasicAuthenticationFilter@5a919251, org.springframework.security.web.savedrequest.RequestCacheAwareFilter@157e0f6b, org.springframework.security.web.servletapi.SecurityContextHolderAwareRequestFilter@22781286, org.springframework.security.web.authentication.AnonymousAuthenticationFilter@5d51203b, org.springframework.security.web.access.ExceptionTranslationFilter@1252d480, org.springframework.security.web.access.intercept.AuthorizationFilter@42af2977]
2023-11-11T17:08:34.926+01:00  INFO 14938 --- [           main] h.f.p.l.BytePit.BytePitApplicationTests  : Started BytePitApplicationTests in 5.75 seconds (process running for 6.533)
]]></system-out>
  </testcase>
</testsuite>